Using pre-set license
<<<<<<< HEAD
Built from '2020.3/release' branch; Version is '2020.3.7f1 (dd97f2c94397) revision 14522354'; Using compiler version '192528614'; Build Type 'Release'
OS: 'Windows 10 Home; OS build 19041.1052; Version 2004; 64bit' Language: 'de' Physical Memory: 3460 MB
BatchMode: 1, IsHumanControllingUs: 0, StartBugReporterOnCrash: 0, Is64bit: 1, IsPro: 0

 COMMAND LINE ARGUMENTS:
C:\Program Files\Unity\Hub\Editor\2020.3.7f1\Editor\Unity.exe
=======
Built from '2020.3/staging' branch; Version is '2020.3.9f1 (108be757e447) revision 1084391'; Using compiler version '192528614'; Build Type 'Release'
OS: 'Windows 10 Education; OS build 19042.928; Version 2009; 64bit' Language: 'sv' Physical Memory: 3899 MB
BatchMode: 1, IsHumanControllingUs: 0, StartBugReporterOnCrash: 0, Is64bit: 1, IsPro: 0

 COMMAND LINE ARGUMENTS:
I:\Apps\Unity\2020.3.9f1\Editor\Unity.exe
>>>>>>> fb036e9b2270d72bca7a891badafb869e0dd6463
-adb2
-batchMode
-noUpm
-name
AssetImportWorker0
-projectPath
C:/Users/ovett/Documents/PaintJam 2021.1/GMTK-2021
-logFile
Logs/AssetImportWorker0.log
-srvPort
<<<<<<< HEAD
53851
Successfully changed project path to: C:/Users/ovett/Documents/PaintJam 2021.1/GMTK-2021
C:/Users/ovett/Documents/PaintJam 2021.1/GMTK-2021
Using Asset Import Pipeline V2.
Refreshing native plugins compatible for Editor in 254.72 ms, found 1 plugins.
Preloading 0 native plugins for Editor in 0.00 ms.
Initialize engine version: 2020.3.7f1 (dd97f2c94397)
[Subsystems] Discovering subsystems at path C:/Program Files/Unity/Hub/Editor/2020.3.7f1/Editor/Data/Resources/UnitySubsystems
[Subsystems] Discovering subsystems at path C:/Users/ovett/Documents/PaintJam 2021.1/GMTK-2021/Assets
=======
49232
Successfully changed project path to: I:/Dev/GMTK-2021
I:/Dev/GMTK-2021
Using Asset Import Pipeline V2.
Refreshing native plugins compatible for Editor in 355.98 ms, found 1 plugins.
Preloading 0 native plugins for Editor in 0.00 ms.
Initialize engine version: 2020.3.9f1 (108be757e447)
[Subsystems] Discovering subsystems at path I:/Apps/Unity/2020.3.9f1/Editor/Data/Resources/UnitySubsystems
[Subsystems] Discovering subsystems at path I:/Dev/GMTK-2021/Assets
>>>>>>> fb036e9b2270d72bca7a891badafb869e0dd6463
GfxDevice: creating device client; threaded=0
Direct3D:
    Version:  Direct3D 11.0 [level 11.1]
    Renderer: AMD Radeon(TM) Graphics (ID=0x15d8)
    Vendor:   
    VRAM:     1730 MB
    Driver:   27.20.11028.10001
Initialize mono
<<<<<<< HEAD
Mono path[0] = 'C:/Program Files/Unity/Hub/Editor/2020.3.7f1/Editor/Data/Managed'
Mono path[1] = 'C:/Program Files/Unity/Hub/Editor/2020.3.7f1/Editor/Data/MonoBleedingEdge/lib/mono/unityjit'
Mono config path = 'C:/Program Files/Unity/Hub/Editor/2020.3.7f1/Editor/Data/MonoBleedingEdge/etc'
Using monoOptions --debugger-agent=transport=dt_socket,embedding=1,server=y,suspend=n,address=127.0.0.1:56756
=======
Mono path[0] = 'I:/Apps/Unity/2020.3.9f1/Editor/Data/Managed'
Mono path[1] = 'I:/Apps/Unity/2020.3.9f1/Editor/Data/MonoBleedingEdge/lib/mono/unityjit'
Mono config path = 'I:/Apps/Unity/2020.3.9f1/Editor/Data/MonoBleedingEdge/etc'
Using monoOptions --debugger-agent=transport=dt_socket,embedding=1,server=y,suspend=n,address=127.0.0.1:56372
>>>>>>> fb036e9b2270d72bca7a891badafb869e0dd6463
Begin MonoManager ReloadAssembly
